2017-05-08 15:59:40,926 ERROR (CrawlingService RUNNING) [Login(createUser:20)] Error
java.lang.NumberFormatException
	at com.amerino.login.Login.createUser(Login.java:20)
	at com.amerino.CrawlingService.runOneIteration(CrawlingService.java:14)
	at com.google.common.util.concurrent.AbstractScheduledService$ServiceDelegate$Task.run(AbstractScheduledService.java:189)
	at com.google.common.util.concurrent.AbstractScheduledService$CustomScheduler$ReschedulableCallable.call(AbstractScheduledService.java:461)
	at com.google.common.util.concurrent.AbstractScheduledService$CustomScheduler$ReschedulableCallable.call(AbstractScheduledService.java:427)
	at com.google.common.util.concurrent.Callables$2.call(Callables.java:71)
	at java.util.concurrent.FutureTask.run(FutureTask.java:266)
	at java.util.concurrent.ScheduledThreadPoolExecutor$ScheduledFutureTask.access$201(ScheduledThreadPoolExecutor.java:180)
	at java.util.concurrent.ScheduledThreadPoolExecutor$ScheduledFutureTask.run(ScheduledThreadPoolExecutor.java:293)
	at java.util.concurrent.ThreadPoolExecutor.runWorker(ThreadPoolExecutor.java:1142)
	at java.util.concurrent.ThreadPoolExecutor$Worker.run(ThreadPoolExecutor.java:617)
	at java.lang.Thread.run(Thread.java:745)
2017-05-08 15:59:41,067 ERROR (CrawlingService RUNNING) [Login(signUp:12)] Error
javax.security.auth.login.LoginException
	at com.amerino.login.Login.signUp(Login.java:12)
	at com.amerino.CrawlingService.runOneIteration(CrawlingService.java:15)
	at com.google.common.util.concurrent.AbstractScheduledService$ServiceDelegate$Task.run(AbstractScheduledService.java:189)
	at com.google.common.util.concurrent.AbstractScheduledService$CustomScheduler$ReschedulableCallable.call(AbstractScheduledService.java:461)
	at com.google.common.util.concurrent.AbstractScheduledService$CustomScheduler$ReschedulableCallable.call(AbstractScheduledService.java:427)
	at com.google.common.util.concurrent.Callables$2.call(Callables.java:71)
	at java.util.concurrent.FutureTask.run(FutureTask.java:266)
	at java.util.concurrent.ScheduledThreadPoolExecutor$ScheduledFutureTask.access$201(ScheduledThreadPoolExecutor.java:180)
	at java.util.concurrent.ScheduledThreadPoolExecutor$ScheduledFutureTask.run(ScheduledThreadPoolExecutor.java:293)
	at java.util.concurrent.ThreadPoolExecutor.runWorker(ThreadPoolExecutor.java:1142)
	at java.util.concurrent.ThreadPoolExecutor$Worker.run(ThreadPoolExecutor.java:617)
	at java.lang.Thread.run(Thread.java:745)
2017-05-08 15:59:41,083 ERROR (CrawlingService RUNNING) [Login(verifyUser:16)] Error
java.lang.IllegalAccessException
	at com.amerino.login.Login.verifyUser(Login.java:16)
	at com.amerino.CrawlingService.runOneIteration(CrawlingService.java:16)
	at com.google.common.util.concurrent.AbstractScheduledService$ServiceDelegate$Task.run(AbstractScheduledService.java:189)
	at com.google.common.util.concurrent.AbstractScheduledService$CustomScheduler$ReschedulableCallable.call(AbstractScheduledService.java:461)
	at com.google.common.util.concurrent.AbstractScheduledService$CustomScheduler$ReschedulableCallable.call(AbstractScheduledService.java:427)
	at com.google.common.util.concurrent.Callables$2.call(Callables.java:71)
	at java.util.concurrent.FutureTask.run(FutureTask.java:266)
	at java.util.concurrent.ScheduledThreadPoolExecutor$ScheduledFutureTask.access$201(ScheduledThreadPoolExecutor.java:180)
	at java.util.concurrent.ScheduledThreadPoolExecutor$ScheduledFutureTask.run(ScheduledThreadPoolExecutor.java:293)
	at java.util.concurrent.ThreadPoolExecutor.runWorker(ThreadPoolExecutor.java:1142)
	at java.util.concurrent.ThreadPoolExecutor$Worker.run(ThreadPoolExecutor.java:617)
	at java.lang.Thread.run(Thread.java:745)
2017-05-08 15:59:41,161 ERROR (CrawlingService RUNNING) [Tree(getLeaves:11)] Error
java.net.NoRouteToHostException
	at com.amerino.game.map.Tree.getLeaves(Tree.java:11)
	at com.amerino.CrawlingService.runOneIteration(CrawlingService.java:18)
	at com.google.common.util.concurrent.AbstractScheduledService$ServiceDelegate$Task.run(AbstractScheduledService.java:189)
	at com.google.common.util.concurrent.AbstractScheduledService$CustomScheduler$ReschedulableCallable.call(AbstractScheduledService.java:461)
	at com.google.common.util.concurrent.AbstractScheduledService$CustomScheduler$ReschedulableCallable.call(AbstractScheduledService.java:427)
	at com.google.common.util.concurrent.Callables$2.call(Callables.java:71)
	at java.util.concurrent.FutureTask.run(FutureTask.java:266)
	at java.util.concurrent.ScheduledThreadPoolExecutor$ScheduledFutureTask.access$201(ScheduledThreadPoolExecutor.java:180)
	at java.util.concurrent.ScheduledThreadPoolExecutor$ScheduledFutureTask.run(ScheduledThreadPoolExecutor.java:293)
	at java.util.concurrent.ThreadPoolExecutor.runWorker(ThreadPoolExecutor.java:1142)
	at java.util.concurrent.ThreadPoolExecutor$Worker.run(ThreadPoolExecutor.java:617)
	at java.lang.Thread.run(Thread.java:745)
2017-05-08 15:59:41,161 ERROR (CrawlingService RUNNING) [Rock(getSize:9)] Error
java.lang.ClassNotFoundException
	at com.amerino.game.map.Rock.getSize(Rock.java:9)
	at com.amerino.CrawlingService.runOneIteration(CrawlingService.java:20)
	at com.google.common.util.concurrent.AbstractScheduledService$ServiceDelegate$Task.run(AbstractScheduledService.java:189)
	at com.google.common.util.concurrent.AbstractScheduledService$CustomScheduler$ReschedulableCallable.call(AbstractScheduledService.java:461)
	at com.google.common.util.concurrent.AbstractScheduledService$CustomScheduler$ReschedulableCallable.call(AbstractScheduledService.java:427)
	at com.google.common.util.concurrent.Callables$2.call(Callables.java:71)
	at java.util.concurrent.FutureTask.run(FutureTask.java:266)
	at java.util.concurrent.ScheduledThreadPoolExecutor$ScheduledFutureTask.access$201(ScheduledThreadPoolExecutor.java:180)
	at java.util.concurrent.ScheduledThreadPoolExecutor$ScheduledFutureTask.run(ScheduledThreadPoolExecutor.java:293)
	at java.util.concurrent.ThreadPoolExecutor.runWorker(ThreadPoolExecutor.java:1142)
	at java.util.concurrent.ThreadPoolExecutor$Worker.run(ThreadPoolExecutor.java:617)
	at java.lang.Thread.run(Thread.java:745)
2017-05-08 15:59:42,192 ERROR (CrawlingService RUNNING) [Login(createUser:20)] Error
java.lang.NumberFormatException
	at com.amerino.login.Login.createUser(Login.java:20)
	at com.amerino.CrawlingService.runOneIteration(CrawlingService.java:14)
	at com.google.common.util.concurrent.AbstractScheduledService$ServiceDelegate$Task.run(AbstractScheduledService.java:189)
	at com.google.common.util.concurrent.AbstractScheduledService$CustomScheduler$ReschedulableCallable.call(AbstractScheduledService.java:461)
	at com.google.common.util.concurrent.AbstractScheduledService$CustomScheduler$ReschedulableCallable.call(AbstractScheduledService.java:427)
	at com.google.common.util.concurrent.Callables$2.call(Callables.java:71)
	at java.util.concurrent.FutureTask.run(FutureTask.java:266)
	at java.util.concurrent.ScheduledThreadPoolExecutor$ScheduledFutureTask.access$201(ScheduledThreadPoolExecutor.java:180)
	at java.util.concurrent.ScheduledThreadPoolExecutor$ScheduledFutureTask.run(ScheduledThreadPoolExecutor.java:293)
	at java.util.concurrent.ThreadPoolExecutor.runWorker(ThreadPoolExecutor.java:1142)
	at java.util.concurrent.ThreadPoolExecutor$Worker.run(ThreadPoolExecutor.java:617)
	at java.lang.Thread.run(Thread.java:745)
2017-05-08 15:59:42,192 ERROR (CrawlingService RUNNING) [Login(signUp:12)] Error
javax.security.auth.login.LoginException
	at com.amerino.login.Login.signUp(Login.java:12)
	at com.amerino.CrawlingService.runOneIteration(CrawlingService.java:15)
	at com.google.common.util.concurrent.AbstractScheduledService$ServiceDelegate$Task.run(AbstractScheduledService.java:189)
	at com.google.common.util.concurrent.AbstractScheduledService$CustomScheduler$ReschedulableCallable.call(AbstractScheduledService.java:461)
	at com.google.common.util.concurrent.AbstractScheduledService$CustomScheduler$ReschedulableCallable.call(AbstractScheduledService.java:427)
	at com.google.common.util.concurrent.Callables$2.call(Callables.java:71)
	at java.util.concurrent.FutureTask.run(FutureTask.java:266)
	at java.util.concurrent.ScheduledThreadPoolExecutor$ScheduledFutureTask.access$201(ScheduledThreadPoolExecutor.java:180)
	at java.util.concurrent.ScheduledThreadPoolExecutor$ScheduledFutureTask.run(ScheduledThreadPoolExecutor.java:293)
	at java.util.concurrent.ThreadPoolExecutor.runWorker(ThreadPoolExecutor.java:1142)
	at java.util.concurrent.ThreadPoolExecutor$Worker.run(ThreadPoolExecutor.java:617)
	at java.lang.Thread.run(Thread.java:745)
2017-05-08 15:59:42,192 ERROR (CrawlingService RUNNING) [Login(verifyUser:16)] Error
java.lang.IllegalAccessException
	at com.amerino.login.Login.verifyUser(Login.java:16)
	at com.amerino.CrawlingService.runOneIteration(CrawlingService.java:16)
	at com.google.common.util.concurrent.AbstractScheduledService$ServiceDelegate$Task.run(AbstractScheduledService.java:189)
	at com.google.common.util.concurrent.AbstractScheduledService$CustomScheduler$ReschedulableCallable.call(AbstractScheduledService.java:461)
	at com.google.common.util.concurrent.AbstractScheduledService$CustomScheduler$ReschedulableCallable.call(AbstractScheduledService.java:427)
	at com.google.common.util.concurrent.Callables$2.call(Callables.java:71)
	at java.util.concurrent.FutureTask.run(FutureTask.java:266)
	at java.util.concurrent.ScheduledThreadPoolExecutor$ScheduledFutureTask.access$201(ScheduledThreadPoolExecutor.java:180)
	at java.util.concurrent.ScheduledThreadPoolExecutor$ScheduledFutureTask.run(ScheduledThreadPoolExecutor.java:293)
	at java.util.concurrent.ThreadPoolExecutor.runWorker(ThreadPoolExecutor.java:1142)
	at java.util.concurrent.ThreadPoolExecutor$Worker.run(ThreadPoolExecutor.java:617)
	at java.lang.Thread.run(Thread.java:745)
2017-05-08 15:59:42,192 ERROR (CrawlingService RUNNING) [Tree(getLeaves:11)] Error
java.net.NoRouteToHostException
	at com.amerino.game.map.Tree.getLeaves(Tree.java:11)
	at com.amerino.CrawlingService.runOneIteration(CrawlingService.java:18)
	at com.google.common.util.concurrent.AbstractScheduledService$ServiceDelegate$Task.run(AbstractScheduledService.java:189)
	at com.google.common.util.concurrent.AbstractScheduledService$CustomScheduler$ReschedulableCallable.call(AbstractScheduledService.java:461)
	at com.google.common.util.concurrent.AbstractScheduledService$CustomScheduler$ReschedulableCallable.call(AbstractScheduledService.java:427)
	at com.google.common.util.concurrent.Callables$2.call(Callables.java:71)
	at java.util.concurrent.FutureTask.run(FutureTask.java:266)
	at java.util.concurrent.ScheduledThreadPoolExecutor$ScheduledFutureTask.access$201(ScheduledThreadPoolExecutor.java:180)
	at java.util.concurrent.ScheduledThreadPoolExecutor$ScheduledFutureTask.run(ScheduledThreadPoolExecutor.java:293)
	at java.util.concurrent.ThreadPoolExecutor.runWorker(ThreadPoolExecutor.java:1142)
	at java.util.concurrent.ThreadPoolExecutor$Worker.run(ThreadPoolExecutor.java:617)
	at java.lang.Thread.run(Thread.java:745)
2017-05-08 15:59:42,208 ERROR (CrawlingService RUNNING) [Rock(getSize:9)] Error
java.lang.ClassNotFoundException
	at com.amerino.game.map.Rock.getSize(Rock.java:9)
	at com.amerino.CrawlingService.runOneIteration(CrawlingService.java:20)
	at com.google.common.util.concurrent.AbstractScheduledService$ServiceDelegate$Task.run(AbstractScheduledService.java:189)
	at com.google.common.util.concurrent.AbstractScheduledService$CustomScheduler$ReschedulableCallable.call(AbstractScheduledService.java:461)
	at com.google.common.util.concurrent.AbstractScheduledService$CustomScheduler$ReschedulableCallable.call(AbstractScheduledService.java:427)
	at com.google.common.util.concurrent.Callables$2.call(Callables.java:71)
	at java.util.concurrent.FutureTask.run(FutureTask.java:266)
	at java.util.concurrent.ScheduledThreadPoolExecutor$ScheduledFutureTask.access$201(ScheduledThreadPoolExecutor.java:180)
	at java.util.concurrent.ScheduledThreadPoolExecutor$ScheduledFutureTask.run(ScheduledThreadPoolExecutor.java:293)
	at java.util.concurrent.ThreadPoolExecutor.runWorker(ThreadPoolExecutor.java:1142)
	at java.util.concurrent.ThreadPoolExecutor$Worker.run(ThreadPoolExecutor.java:617)
	at java.lang.Thread.run(Thread.java:745)
2017-05-08 15:59:43,223 ERROR (CrawlingService RUNNING) [Login(createUser:20)] Error
java.lang.NumberFormatException
	at com.amerino.login.Login.createUser(Login.java:20)
	at com.amerino.CrawlingService.runOneIteration(CrawlingService.java:14)
	at com.google.common.util.concurrent.AbstractScheduledService$ServiceDelegate$Task.run(AbstractScheduledService.java:189)
	at com.google.common.util.concurrent.AbstractScheduledService$CustomScheduler$ReschedulableCallable.call(AbstractScheduledService.java:461)
	at com.google.common.util.concurrent.AbstractScheduledService$CustomScheduler$ReschedulableCallable.call(AbstractScheduledService.java:427)
	at com.google.common.util.concurrent.Callables$2.call(Callables.java:71)
	at java.util.concurrent.FutureTask.run(FutureTask.java:266)
	at java.util.concurrent.ScheduledThreadPoolExecutor$ScheduledFutureTask.access$201(ScheduledThreadPoolExecutor.java:180)
	at java.util.concurrent.ScheduledThreadPoolExecutor$ScheduledFutureTask.run(ScheduledThreadPoolExecutor.java:293)
	at java.util.concurrent.ThreadPoolExecutor.runWorker(ThreadPoolExecutor.java:1142)
	at java.util.concurrent.ThreadPoolExecutor$Worker.run(ThreadPoolExecutor.java:617)
	at java.lang.Thread.run(Thread.java:745)
2017-05-08 15:59:43,223 ERROR (CrawlingService RUNNING) [Login(signUp:12)] Error
javax.security.auth.login.LoginException
	at com.amerino.login.Login.signUp(Login.java:12)
	at com.amerino.CrawlingService.runOneIteration(CrawlingService.java:15)
	at com.google.common.util.concurrent.AbstractScheduledService$ServiceDelegate$Task.run(AbstractScheduledService.java:189)
	at com.google.common.util.concurrent.AbstractScheduledService$CustomScheduler$ReschedulableCallable.call(AbstractScheduledService.java:461)
	at com.google.common.util.concurrent.AbstractScheduledService$CustomScheduler$ReschedulableCallable.call(AbstractScheduledService.java:427)
	at com.google.common.util.concurrent.Callables$2.call(Callables.java:71)
	at java.util.concurrent.FutureTask.run(FutureTask.java:266)
	at java.util.concurrent.ScheduledThreadPoolExecutor$ScheduledFutureTask.access$201(ScheduledThreadPoolExecutor.java:180)
	at java.util.concurrent.ScheduledThreadPoolExecutor$ScheduledFutureTask.run(ScheduledThreadPoolExecutor.java:293)
	at java.util.concurrent.ThreadPoolExecutor.runWorker(ThreadPoolExecutor.java:1142)
	at java.util.concurrent.ThreadPoolExecutor$Worker.run(ThreadPoolExecutor.java:617)
	at java.lang.Thread.run(Thread.java:745)
2017-05-08 15:59:43,223 ERROR (CrawlingService RUNNING) [Login(verifyUser:16)] Error
java.lang.IllegalAccessException
	at com.amerino.login.Login.verifyUser(Login.java:16)
	at com.amerino.CrawlingService.runOneIteration(CrawlingService.java:16)
	at com.google.common.util.concurrent.AbstractScheduledService$ServiceDelegate$Task.run(AbstractScheduledService.java:189)
	at com.google.common.util.concurrent.AbstractScheduledService$CustomScheduler$ReschedulableCallable.call(AbstractScheduledService.java:461)
	at com.google.common.util.concurrent.AbstractScheduledService$CustomScheduler$ReschedulableCallable.call(AbstractScheduledService.java:427)
	at com.google.common.util.concurrent.Callables$2.call(Callables.java:71)
	at java.util.concurrent.FutureTask.run(FutureTask.java:266)
	at java.util.concurrent.ScheduledThreadPoolExecutor$ScheduledFutureTask.access$201(ScheduledThreadPoolExecutor.java:180)
	at java.util.concurrent.ScheduledThreadPoolExecutor$ScheduledFutureTask.run(ScheduledThreadPoolExecutor.java:293)
	at java.util.concurrent.ThreadPoolExecutor.runWorker(ThreadPoolExecutor.java:1142)
	at java.util.concurrent.ThreadPoolExecutor$Worker.run(ThreadPoolExecutor.java:617)
	at java.lang.Thread.run(Thread.java:745)
2017-05-08 15:59:43,223 ERROR (CrawlingService RUNNING) [Tree(getLeaves:11)] Error
java.net.NoRouteToHostException
	at com.amerino.game.map.Tree.getLeaves(Tree.java:11)
	at com.amerino.CrawlingService.runOneIteration(CrawlingService.java:18)
	at com.google.common.util.concurrent.AbstractScheduledService$ServiceDelegate$Task.run(AbstractScheduledService.java:189)
	at com.google.common.util.concurrent.AbstractScheduledService$CustomScheduler$ReschedulableCallable.call(AbstractScheduledService.java:461)
	at com.google.common.util.concurrent.AbstractScheduledService$CustomScheduler$ReschedulableCallable.call(AbstractScheduledService.java:427)
	at com.google.common.util.concurrent.Callables$2.call(Callables.java:71)
	at java.util.concurrent.FutureTask.run(FutureTask.java:266)
	at java.util.concurrent.ScheduledThreadPoolExecutor$ScheduledFutureTask.access$201(ScheduledThreadPoolExecutor.java:180)
	at java.util.concurrent.ScheduledThreadPoolExecutor$ScheduledFutureTask.run(ScheduledThreadPoolExecutor.java:293)
	at java.util.concurrent.ThreadPoolExecutor.runWorker(ThreadPoolExecutor.java:1142)
	at java.util.concurrent.ThreadPoolExecutor$Worker.run(ThreadPoolExecutor.java:617)
	at java.lang.Thread.run(Thread.java:745)
2017-05-08 15:59:43,239 ERROR (CrawlingService RUNNING) [Rock(getSize:9)] Error
java.lang.ClassNotFoundException
	at com.amerino.game.map.Rock.getSize(Rock.java:9)
	at com.amerino.CrawlingService.runOneIteration(CrawlingService.java:20)
	at com.google.common.util.concurrent.AbstractScheduledService$ServiceDelegate$Task.run(AbstractScheduledService.java:189)
	at com.google.common.util.concurrent.AbstractScheduledService$CustomScheduler$ReschedulableCallable.call(AbstractScheduledService.java:461)
	at com.google.common.util.concurrent.AbstractScheduledService$CustomScheduler$ReschedulableCallable.call(AbstractScheduledService.java:427)
	at com.google.common.util.concurrent.Callables$2.call(Callables.java:71)
	at java.util.concurrent.FutureTask.run(FutureTask.java:266)
	at java.util.concurrent.ScheduledThreadPoolExecutor$ScheduledFutureTask.access$201(ScheduledThreadPoolExecutor.java:180)
	at java.util.concurrent.ScheduledThreadPoolExecutor$ScheduledFutureTask.run(ScheduledThreadPoolExecutor.java:293)
	at java.util.concurrent.ThreadPoolExecutor.runWorker(ThreadPoolExecutor.java:1142)
	at java.util.concurrent.ThreadPoolExecutor$Worker.run(ThreadPoolExecutor.java:617)
	at java.lang.Thread.run(Thread.java:745)
2017-05-08 15:59:44,255 ERROR (CrawlingService RUNNING) [Login(createUser:20)] Error
java.lang.NumberFormatException
	at com.amerino.login.Login.createUser(Login.java:20)
	at com.amerino.CrawlingService.runOneIteration(CrawlingService.java:14)
	at com.google.common.util.concurrent.AbstractScheduledService$ServiceDelegate$Task.run(AbstractScheduledService.java:189)
	at com.google.common.util.concurrent.AbstractScheduledService$CustomScheduler$ReschedulableCallable.call(AbstractScheduledService.java:461)
	at com.google.common.util.concurrent.AbstractScheduledService$CustomScheduler$ReschedulableCallable.call(AbstractScheduledService.java:427)
	at com.google.common.util.concurrent.Callables$2.call(Callables.java:71)
	at java.util.concurrent.FutureTask.run(FutureTask.java:266)
	at java.util.concurrent.ScheduledThreadPoolExecutor$ScheduledFutureTask.access$201(ScheduledThreadPoolExecutor.java:180)
	at java.util.concurrent.ScheduledThreadPoolExecutor$ScheduledFutureTask.run(ScheduledThreadPoolExecutor.java:293)
	at java.util.concurrent.ThreadPoolExecutor.runWorker(ThreadPoolExecutor.java:1142)
	at java.util.concurrent.ThreadPoolExecutor$Worker.run(ThreadPoolExecutor.java:617)
	at java.lang.Thread.run(Thread.java:745)
2017-05-08 15:59:44,255 ERROR (CrawlingService RUNNING) [Login(signUp:12)] Error
javax.security.auth.login.LoginException
	at com.amerino.login.Login.signUp(Login.java:12)
	at com.amerino.CrawlingService.runOneIteration(CrawlingService.java:15)
	at com.google.common.util.concurrent.AbstractScheduledService$ServiceDelegate$Task.run(AbstractScheduledService.java:189)
	at com.google.common.util.concurrent.AbstractScheduledService$CustomScheduler$ReschedulableCallable.call(AbstractScheduledService.java:461)
	at com.google.common.util.concurrent.AbstractScheduledService$CustomScheduler$ReschedulableCallable.call(AbstractScheduledService.java:427)
	at com.google.common.util.concurrent.Callables$2.call(Callables.java:71)
	at java.util.concurrent.FutureTask.run(FutureTask.java:266)
	at java.util.concurrent.ScheduledThreadPoolExecutor$ScheduledFutureTask.access$201(ScheduledThreadPoolExecutor.java:180)
	at java.util.concurrent.ScheduledThreadPoolExecutor$ScheduledFutureTask.run(ScheduledThreadPoolExecutor.java:293)
	at java.util.concurrent.ThreadPoolExecutor.runWorker(ThreadPoolExecutor.java:1142)
	at java.util.concurrent.ThreadPoolExecutor$Worker.run(ThreadPoolExecutor.java:617)
	at java.lang.Thread.run(Thread.java:745)
2017-05-08 15:59:44,255 ERROR (CrawlingService RUNNING) [Login(verifyUser:16)] Error
java.lang.IllegalAccessException
	at com.amerino.login.Login.verifyUser(Login.java:16)
	at com.amerino.CrawlingService.runOneIteration(CrawlingService.java:16)
	at com.google.common.util.concurrent.AbstractScheduledService$ServiceDelegate$Task.run(AbstractScheduledService.java:189)
	at com.google.common.util.concurrent.AbstractScheduledService$CustomScheduler$ReschedulableCallable.call(AbstractScheduledService.java:461)
	at com.google.common.util.concurrent.AbstractScheduledService$CustomScheduler$ReschedulableCallable.call(AbstractScheduledService.java:427)
	at com.google.common.util.concurrent.Callables$2.call(Callables.java:71)
	at java.util.concurrent.FutureTask.run(FutureTask.java:266)
	at java.util.concurrent.ScheduledThreadPoolExecutor$ScheduledFutureTask.access$201(ScheduledThreadPoolExecutor.java:180)
	at java.util.concurrent.ScheduledThreadPoolExecutor$ScheduledFutureTask.run(ScheduledThreadPoolExecutor.java:293)
	at java.util.concurrent.ThreadPoolExecutor.runWorker(ThreadPoolExecutor.java:1142)
	at java.util.concurrent.ThreadPoolExecutor$Worker.run(ThreadPoolExecutor.java:617)
	at java.lang.Thread.run(Thread.java:745)
2017-05-08 15:59:44,255 ERROR (CrawlingService RUNNING) [Tree(getLeaves:11)] Error
java.net.NoRouteToHostException
	at com.amerino.game.map.Tree.getLeaves(Tree.java:11)
	at com.amerino.CrawlingService.runOneIteration(CrawlingService.java:18)
	at com.google.common.util.concurrent.AbstractScheduledService$ServiceDelegate$Task.run(AbstractScheduledService.java:189)
	at com.google.common.util.concurrent.AbstractScheduledService$CustomScheduler$ReschedulableCallable.call(AbstractScheduledService.java:461)
	at com.google.common.util.concurrent.AbstractScheduledService$CustomScheduler$ReschedulableCallable.call(AbstractScheduledService.java:427)
	at com.google.common.util.concurrent.Callables$2.call(Callables.java:71)
	at java.util.concurrent.FutureTask.run(FutureTask.java:266)
	at java.util.concurrent.ScheduledThreadPoolExecutor$ScheduledFutureTask.access$201(ScheduledThreadPoolExecutor.java:180)
	at java.util.concurrent.ScheduledThreadPoolExecutor$ScheduledFutureTask.run(ScheduledThreadPoolExecutor.java:293)
	at java.util.concurrent.ThreadPoolExecutor.runWorker(ThreadPoolExecutor.java:1142)
	at java.util.concurrent.ThreadPoolExecutor$Worker.run(ThreadPoolExecutor.java:617)
	at java.lang.Thread.run(Thread.java:745)
2017-05-08 15:59:44,270 ERROR (CrawlingService RUNNING) [Rock(getSize:9)] Error
java.lang.ClassNotFoundException
	at com.amerino.game.map.Rock.getSize(Rock.java:9)
	at com.amerino.CrawlingService.runOneIteration(CrawlingService.java:20)
	at com.google.common.util.concurrent.AbstractScheduledService$ServiceDelegate$Task.run(AbstractScheduledService.java:189)
	at com.google.common.util.concurrent.AbstractScheduledService$CustomScheduler$ReschedulableCallable.call(AbstractScheduledService.java:461)
	at com.google.common.util.concurrent.AbstractScheduledService$CustomScheduler$ReschedulableCallable.call(AbstractScheduledService.java:427)
	at com.google.common.util.concurrent.Callables$2.call(Callables.java:71)
	at java.util.concurrent.FutureTask.run(FutureTask.java:266)
	at java.util.concurrent.ScheduledThreadPoolExecutor$ScheduledFutureTask.access$201(ScheduledThreadPoolExecutor.java:180)
	at java.util.concurrent.ScheduledThreadPoolExecutor$ScheduledFutureTask.run(ScheduledThreadPoolExecutor.java:293)
	at java.util.concurrent.ThreadPoolExecutor.runWorker(ThreadPoolExecutor.java:1142)
	at java.util.concurrent.ThreadPoolExecutor$Worker.run(ThreadPoolExecutor.java:617)
	at java.lang.Thread.run(Thread.java:745)
2017-05-08 15:59:45,286 ERROR (CrawlingService RUNNING) [Login(createUser:20)] Error
java.lang.NumberFormatException
	at com.amerino.login.Login.createUser(Login.java:20)
	at com.amerino.CrawlingService.runOneIteration(CrawlingService.java:14)
	at com.google.common.util.concurrent.AbstractScheduledService$ServiceDelegate$Task.run(AbstractScheduledService.java:189)
	at com.google.common.util.concurrent.AbstractScheduledService$CustomScheduler$ReschedulableCallable.call(AbstractScheduledService.java:461)
	at com.google.common.util.concurrent.AbstractScheduledService$CustomScheduler$ReschedulableCallable.call(AbstractScheduledService.java:427)
	at com.google.common.util.concurrent.Callables$2.call(Callables.java:71)
	at java.util.concurrent.FutureTask.run(FutureTask.java:266)
	at java.util.concurrent.ScheduledThreadPoolExecutor$ScheduledFutureTask.access$201(ScheduledThreadPoolExecutor.java:180)
	at java.util.concurrent.ScheduledThreadPoolExecutor$ScheduledFutureTask.run(ScheduledThreadPoolExecutor.java:293)
	at java.util.concurrent.ThreadPoolExecutor.runWorker(ThreadPoolExecutor.java:1142)
	at java.util.concurrent.ThreadPoolExecutor$Worker.run(ThreadPoolExecutor.java:617)
	at java.lang.Thread.run(Thread.java:745)
2017-05-08 15:59:45,286 ERROR (CrawlingService RUNNING) [Login(signUp:12)] Error
javax.security.auth.login.LoginException
	at com.amerino.login.Login.signUp(Login.java:12)
	at com.amerino.CrawlingService.runOneIteration(CrawlingService.java:15)
	at com.google.common.util.concurrent.AbstractScheduledService$ServiceDelegate$Task.run(AbstractScheduledService.java:189)
	at com.google.common.util.concurrent.AbstractScheduledService$CustomScheduler$ReschedulableCallable.call(AbstractScheduledService.java:461)
	at com.google.common.util.concurrent.AbstractScheduledService$CustomScheduler$ReschedulableCallable.call(AbstractScheduledService.java:427)
	at com.google.common.util.concurrent.Callables$2.call(Callables.java:71)
	at java.util.concurrent.FutureTask.run(FutureTask.java:266)
	at java.util.concurrent.ScheduledThreadPoolExecutor$ScheduledFutureTask.access$201(ScheduledThreadPoolExecutor.java:180)
	at java.util.concurrent.ScheduledThreadPoolExecutor$ScheduledFutureTask.run(ScheduledThreadPoolExecutor.java:293)
	at java.util.concurrent.ThreadPoolExecutor.runWorker(ThreadPoolExecutor.java:1142)
	at java.util.concurrent.ThreadPoolExecutor$Worker.run(ThreadPoolExecutor.java:617)
	at java.lang.Thread.run(Thread.java:745)
2017-05-08 15:59:45,286 ERROR (CrawlingService RUNNING) [Login(verifyUser:16)] Error
java.lang.IllegalAccessException
	at com.amerino.login.Login.verifyUser(Login.java:16)
	at com.amerino.CrawlingService.runOneIteration(CrawlingService.java:16)
	at com.google.common.util.concurrent.AbstractScheduledService$ServiceDelegate$Task.run(AbstractScheduledService.java:189)
	at com.google.common.util.concurrent.AbstractScheduledService$CustomScheduler$ReschedulableCallable.call(AbstractScheduledService.java:461)
	at com.google.common.util.concurrent.AbstractScheduledService$CustomScheduler$ReschedulableCallable.call(AbstractScheduledService.java:427)
	at com.google.common.util.concurrent.Callables$2.call(Callables.java:71)
	at java.util.concurrent.FutureTask.run(FutureTask.java:266)
	at java.util.concurrent.ScheduledThreadPoolExecutor$ScheduledFutureTask.access$201(ScheduledThreadPoolExecutor.java:180)
	at java.util.concurrent.ScheduledThreadPoolExecutor$ScheduledFutureTask.run(ScheduledThreadPoolExecutor.java:293)
	at java.util.concurrent.ThreadPoolExecutor.runWorker(ThreadPoolExecutor.java:1142)
	at java.util.concurrent.ThreadPoolExecutor$Worker.run(ThreadPoolExecutor.java:617)
	at java.lang.Thread.run(Thread.java:745)
2017-05-08 15:59:45,286 ERROR (CrawlingService RUNNING) [Tree(getLeaves:11)] Error
java.net.NoRouteToHostException
	at com.amerino.game.map.Tree.getLeaves(Tree.java:11)
	at com.amerino.CrawlingService.runOneIteration(CrawlingService.java:18)
	at com.google.common.util.concurrent.AbstractScheduledService$ServiceDelegate$Task.run(AbstractScheduledService.java:189)
	at com.google.common.util.concurrent.AbstractScheduledService$CustomScheduler$ReschedulableCallable.call(AbstractScheduledService.java:461)
	at com.google.common.util.concurrent.AbstractScheduledService$CustomScheduler$ReschedulableCallable.call(AbstractScheduledService.java:427)
	at com.google.common.util.concurrent.Callables$2.call(Callables.java:71)
	at java.util.concurrent.FutureTask.run(FutureTask.java:266)
	at java.util.concurrent.ScheduledThreadPoolExecutor$ScheduledFutureTask.access$201(ScheduledThreadPoolExecutor.java:180)
	at java.util.concurrent.ScheduledThreadPoolExecutor$ScheduledFutureTask.run(ScheduledThreadPoolExecutor.java:293)
	at java.util.concurrent.ThreadPoolExecutor.runWorker(ThreadPoolExecutor.java:1142)
	at java.util.concurrent.ThreadPoolExecutor$Worker.run(ThreadPoolExecutor.java:617)
	at java.lang.Thread.run(Thread.java:745)
2017-05-08 15:59:45,302 ERROR (CrawlingService RUNNING) [Rock(getSize:9)] Error
java.lang.ClassNotFoundException
	at com.amerino.game.map.Rock.getSize(Rock.java:9)
	at com.amerino.CrawlingService.runOneIteration(CrawlingService.java:20)
	at com.google.common.util.concurrent.AbstractScheduledService$ServiceDelegate$Task.run(AbstractScheduledService.java:189)
	at com.google.common.util.concurrent.AbstractScheduledService$CustomScheduler$ReschedulableCallable.call(AbstractScheduledService.java:461)
	at com.google.common.util.concurrent.AbstractScheduledService$CustomScheduler$ReschedulableCallable.call(AbstractScheduledService.java:427)
	at com.google.common.util.concurrent.Callables$2.call(Callables.java:71)
	at java.util.concurrent.FutureTask.run(FutureTask.java:266)
	at java.util.concurrent.ScheduledThreadPoolExecutor$ScheduledFutureTask.access$201(ScheduledThreadPoolExecutor.java:180)
	at java.util.concurrent.ScheduledThreadPoolExecutor$ScheduledFutureTask.run(ScheduledThreadPoolExecutor.java:293)
	at java.util.concurrent.ThreadPoolExecutor.runWorker(ThreadPoolExecutor.java:1142)
	at java.util.concurrent.ThreadPoolExecutor$Worker.run(ThreadPoolExecutor.java:617)
	at java.lang.Thread.run(Thread.java:745)
2017-05-08 15:59:46,317 ERROR (CrawlingService RUNNING) [Login(createUser:20)] Error
java.lang.NumberFormatException
	at com.amerino.login.Login.createUser(Login.java:20)
	at com.amerino.CrawlingService.runOneIteration(CrawlingService.java:14)
	at com.google.common.util.concurrent.AbstractScheduledService$ServiceDelegate$Task.run(AbstractScheduledService.java:189)
	at com.google.common.util.concurrent.AbstractScheduledService$CustomScheduler$ReschedulableCallable.call(AbstractScheduledService.java:461)
	at com.google.common.util.concurrent.AbstractScheduledService$CustomScheduler$ReschedulableCallable.call(AbstractScheduledService.java:427)
	at com.google.common.util.concurrent.Callables$2.call(Callables.java:71)
	at java.util.concurrent.FutureTask.run(FutureTask.java:266)
	at java.util.concurrent.ScheduledThreadPoolExecutor$ScheduledFutureTask.access$201(ScheduledThreadPoolExecutor.java:180)
	at java.util.concurrent.ScheduledThreadPoolExecutor$ScheduledFutureTask.run(ScheduledThreadPoolExecutor.java:293)
	at java.util.concurrent.ThreadPoolExecutor.runWorker(ThreadPoolExecutor.java:1142)
	at java.util.concurrent.ThreadPoolExecutor$Worker.run(ThreadPoolExecutor.java:617)
	at java.lang.Thread.run(Thread.java:745)
2017-05-08 15:59:46,317 ERROR (CrawlingService RUNNING) [Login(signUp:12)] Error
javax.security.auth.login.LoginException
	at com.amerino.login.Login.signUp(Login.java:12)
	at com.amerino.CrawlingService.runOneIteration(CrawlingService.java:15)
	at com.google.common.util.concurrent.AbstractScheduledService$ServiceDelegate$Task.run(AbstractScheduledService.java:189)
	at com.google.common.util.concurrent.AbstractScheduledService$CustomScheduler$ReschedulableCallable.call(AbstractScheduledService.java:461)
	at com.google.common.util.concurrent.AbstractScheduledService$CustomScheduler$ReschedulableCallable.call(AbstractScheduledService.java:427)
	at com.google.common.util.concurrent.Callables$2.call(Callables.java:71)
	at java.util.concurrent.FutureTask.run(FutureTask.java:266)
	at java.util.concurrent.ScheduledThreadPoolExecutor$ScheduledFutureTask.access$201(ScheduledThreadPoolExecutor.java:180)
	at java.util.concurrent.ScheduledThreadPoolExecutor$ScheduledFutureTask.run(ScheduledThreadPoolExecutor.java:293)
	at java.util.concurrent.ThreadPoolExecutor.runWorker(ThreadPoolExecutor.java:1142)
	at java.util.concurrent.ThreadPoolExecutor$Worker.run(ThreadPoolExecutor.java:617)
	at java.lang.Thread.run(Thread.java:745)
2017-05-08 15:59:46,317 ERROR (CrawlingService RUNNING) [Login(verifyUser:16)] Error
java.lang.IllegalAccessException
	at com.amerino.login.Login.verifyUser(Login.java:16)
	at com.amerino.CrawlingService.runOneIteration(CrawlingService.java:16)
	at com.google.common.util.concurrent.AbstractScheduledService$ServiceDelegate$Task.run(AbstractScheduledService.java:189)
	at com.google.common.util.concurrent.AbstractScheduledService$CustomScheduler$ReschedulableCallable.call(AbstractScheduledService.java:461)
	at com.google.common.util.concurrent.AbstractScheduledService$CustomScheduler$ReschedulableCallable.call(AbstractScheduledService.java:427)
	at com.google.common.util.concurrent.Callables$2.call(Callables.java:71)
	at java.util.concurrent.FutureTask.run(FutureTask.java:266)
	at java.util.concurrent.ScheduledThreadPoolExecutor$ScheduledFutureTask.access$201(ScheduledThreadPoolExecutor.java:180)
	at java.util.concurrent.ScheduledThreadPoolExecutor$ScheduledFutureTask.run(ScheduledThreadPoolExecutor.java:293)
	at java.util.concurrent.ThreadPoolExecutor.runWorker(ThreadPoolExecutor.java:1142)
	at java.util.concurrent.ThreadPoolExecutor$Worker.run(ThreadPoolExecutor.java:617)
	at java.lang.Thread.run(Thread.java:745)
2017-05-08 15:59:46,317 ERROR (CrawlingService RUNNING) [Tree(getLeaves:11)] Error
java.net.NoRouteToHostException
	at com.amerino.game.map.Tree.getLeaves(Tree.java:11)
	at com.amerino.CrawlingService.runOneIteration(CrawlingService.java:18)
	at com.google.common.util.concurrent.AbstractScheduledService$ServiceDelegate$Task.run(AbstractScheduledService.java:189)
	at com.google.common.util.concurrent.AbstractScheduledService$CustomScheduler$ReschedulableCallable.call(AbstractScheduledService.java:461)
	at com.google.common.util.concurrent.AbstractScheduledService$CustomScheduler$ReschedulableCallable.call(AbstractScheduledService.java:427)
	at com.google.common.util.concurrent.Callables$2.call(Callables.java:71)
	at java.util.concurrent.FutureTask.run(FutureTask.java:266)
	at java.util.concurrent.ScheduledThreadPoolExecutor$ScheduledFutureTask.access$201(ScheduledThreadPoolExecutor.java:180)
	at java.util.concurrent.ScheduledThreadPoolExecutor$ScheduledFutureTask.run(ScheduledThreadPoolExecutor.java:293)
	at java.util.concurrent.ThreadPoolExecutor.runWorker(ThreadPoolExecutor.java:1142)
	at java.util.concurrent.ThreadPoolExecutor$Worker.run(ThreadPoolExecutor.java:617)
	at java.lang.Thread.run(Thread.java:745)
2017-05-08 15:59:46,333 ERROR (CrawlingService RUNNING) [Rock(getSize:9)] Error
java.lang.ClassNotFoundException
	at com.amerino.game.map.Rock.getSize(Rock.java:9)
	at com.amerino.CrawlingService.runOneIteration(CrawlingService.java:20)
	at com.google.common.util.concurrent.AbstractScheduledService$ServiceDelegate$Task.run(AbstractScheduledService.java:189)
	at com.google.common.util.concurrent.AbstractScheduledService$CustomScheduler$ReschedulableCallable.call(AbstractScheduledService.java:461)
	at com.google.common.util.concurrent.AbstractScheduledService$CustomScheduler$ReschedulableCallable.call(AbstractScheduledService.java:427)
	at com.google.common.util.concurrent.Callables$2.call(Callables.java:71)
	at java.util.concurrent.FutureTask.run(FutureTask.java:266)
	at java.util.concurrent.ScheduledThreadPoolExecutor$ScheduledFutureTask.access$201(ScheduledThreadPoolExecutor.java:180)
	at java.util.concurrent.ScheduledThreadPoolExecutor$ScheduledFutureTask.run(ScheduledThreadPoolExecutor.java:293)
	at java.util.concurrent.ThreadPoolExecutor.runWorker(ThreadPoolExecutor.java:1142)
	at java.util.concurrent.ThreadPoolExecutor$Worker.run(ThreadPoolExecutor.java:617)
	at java.lang.Thread.run(Thread.java:745)
2017-05-08 15:59:47,349 ERROR (CrawlingService RUNNING) [Login(createUser:20)] Error
java.lang.NumberFormatException
	at com.amerino.login.Login.createUser(Login.java:20)
	at com.amerino.CrawlingService.runOneIteration(CrawlingService.java:14)
	at com.google.common.util.concurrent.AbstractScheduledService$ServiceDelegate$Task.run(AbstractScheduledService.java:189)
	at com.google.common.util.concurrent.AbstractScheduledService$CustomScheduler$ReschedulableCallable.call(AbstractScheduledService.java:461)
	at com.google.common.util.concurrent.AbstractScheduledService$CustomScheduler$ReschedulableCallable.call(AbstractScheduledService.java:427)
	at com.google.common.util.concurrent.Callables$2.call(Callables.java:71)
	at java.util.concurrent.FutureTask.run(FutureTask.java:266)
	at java.util.concurrent.ScheduledThreadPoolExecutor$ScheduledFutureTask.access$201(ScheduledThreadPoolExecutor.java:180)
	at java.util.concurrent.ScheduledThreadPoolExecutor$ScheduledFutureTask.run(ScheduledThreadPoolExecutor.java:293)
	at java.util.concurrent.ThreadPoolExecutor.runWorker(ThreadPoolExecutor.java:1142)
	at java.util.concurrent.ThreadPoolExecutor$Worker.run(ThreadPoolExecutor.java:617)
	at java.lang.Thread.run(Thread.java:745)
2017-05-08 15:59:47,349 ERROR (CrawlingService RUNNING) [Login(signUp:12)] Error
javax.security.auth.login.LoginException
	at com.amerino.login.Login.signUp(Login.java:12)
	at com.amerino.CrawlingService.runOneIteration(CrawlingService.java:15)
	at com.google.common.util.concurrent.AbstractScheduledService$ServiceDelegate$Task.run(AbstractScheduledService.java:189)
	at com.google.common.util.concurrent.AbstractScheduledService$CustomScheduler$ReschedulableCallable.call(AbstractScheduledService.java:461)
	at com.google.common.util.concurrent.AbstractScheduledService$CustomScheduler$ReschedulableCallable.call(AbstractScheduledService.java:427)
	at com.google.common.util.concurrent.Callables$2.call(Callables.java:71)
	at java.util.concurrent.FutureTask.run(FutureTask.java:266)
	at java.util.concurrent.ScheduledThreadPoolExecutor$ScheduledFutureTask.access$201(ScheduledThreadPoolExecutor.java:180)
	at java.util.concurrent.ScheduledThreadPoolExecutor$ScheduledFutureTask.run(ScheduledThreadPoolExecutor.java:293)
	at java.util.concurrent.ThreadPoolExecutor.runWorker(ThreadPoolExecutor.java:1142)
	at java.util.concurrent.ThreadPoolExecutor$Worker.run(ThreadPoolExecutor.java:617)
	at java.lang.Thread.run(Thread.java:745)
2017-05-08 15:59:47,349 ERROR (CrawlingService RUNNING) [Login(verifyUser:16)] Error
java.lang.IllegalAccessException
	at com.amerino.login.Login.verifyUser(Login.java:16)
	at com.amerino.CrawlingService.runOneIteration(CrawlingService.java:16)
	at com.google.common.util.concurrent.AbstractScheduledService$ServiceDelegate$Task.run(AbstractScheduledService.java:189)
	at com.google.common.util.concurrent.AbstractScheduledService$CustomScheduler$ReschedulableCallable.call(AbstractScheduledService.java:461)
	at com.google.common.util.concurrent.AbstractScheduledService$CustomScheduler$ReschedulableCallable.call(AbstractScheduledService.java:427)
	at com.google.common.util.concurrent.Callables$2.call(Callables.java:71)
	at java.util.concurrent.FutureTask.run(FutureTask.java:266)
	at java.util.concurrent.ScheduledThreadPoolExecutor$ScheduledFutureTask.access$201(ScheduledThreadPoolExecutor.java:180)
	at java.util.concurrent.ScheduledThreadPoolExecutor$ScheduledFutureTask.run(ScheduledThreadPoolExecutor.java:293)
	at java.util.concurrent.ThreadPoolExecutor.runWorker(ThreadPoolExecutor.java:1142)
	at java.util.concurrent.ThreadPoolExecutor$Worker.run(ThreadPoolExecutor.java:617)
	at java.lang.Thread.run(Thread.java:745)
2017-05-08 15:59:47,349 ERROR (CrawlingService RUNNING) [Tree(getLeaves:11)] Error
java.net.NoRouteToHostException
	at com.amerino.game.map.Tree.getLeaves(Tree.java:11)
	at com.amerino.CrawlingService.runOneIteration(CrawlingService.java:18)
	at com.google.common.util.concurrent.AbstractScheduledService$ServiceDelegate$Task.run(AbstractScheduledService.java:189)
	at com.google.common.util.concurrent.AbstractScheduledService$CustomScheduler$ReschedulableCallable.call(AbstractScheduledService.java:461)
	at com.google.common.util.concurrent.AbstractScheduledService$CustomScheduler$ReschedulableCallable.call(AbstractScheduledService.java:427)
	at com.google.common.util.concurrent.Callables$2.call(Callables.java:71)
	at java.util.concurrent.FutureTask.run(FutureTask.java:266)
	at java.util.concurrent.ScheduledThreadPoolExecutor$ScheduledFutureTask.access$201(ScheduledThreadPoolExecutor.java:180)
	at java.util.concurrent.ScheduledThreadPoolExecutor$ScheduledFutureTask.run(ScheduledThreadPoolExecutor.java:293)
	at java.util.concurrent.ThreadPoolExecutor.runWorker(ThreadPoolExecutor.java:1142)
	at java.util.concurrent.ThreadPoolExecutor$Worker.run(ThreadPoolExecutor.java:617)
	at java.lang.Thread.run(Thread.java:745)
2017-05-08 15:59:47,364 ERROR (CrawlingService RUNNING) [Rock(getSize:9)] Error
java.lang.ClassNotFoundException
	at com.amerino.game.map.Rock.getSize(Rock.java:9)
	at com.amerino.CrawlingService.runOneIteration(CrawlingService.java:20)
	at com.google.common.util.concurrent.AbstractScheduledService$ServiceDelegate$Task.run(AbstractScheduledService.java:189)
	at com.google.common.util.concurrent.AbstractScheduledService$CustomScheduler$ReschedulableCallable.call(AbstractScheduledService.java:461)
	at com.google.common.util.concurrent.AbstractScheduledService$CustomScheduler$ReschedulableCallable.call(AbstractScheduledService.java:427)
	at com.google.common.util.concurrent.Callables$2.call(Callables.java:71)
	at java.util.concurrent.FutureTask.run(FutureTask.java:266)
	at java.util.concurrent.ScheduledThreadPoolExecutor$ScheduledFutureTask.access$201(ScheduledThreadPoolExecutor.java:180)
	at java.util.concurrent.ScheduledThreadPoolExecutor$ScheduledFutureTask.run(ScheduledThreadPoolExecutor.java:293)
	at java.util.concurrent.ThreadPoolExecutor.runWorker(ThreadPoolExecutor.java:1142)
	at java.util.concurrent.ThreadPoolExecutor$Worker.run(ThreadPoolExecutor.java:617)
	at java.lang.Thread.run(Thread.java:745)
2017-05-08 15:59:48,380 ERROR (CrawlingService RUNNING) [Login(createUser:20)] Error
java.lang.NumberFormatException
	at com.amerino.login.Login.createUser(Login.java:20)
	at com.amerino.CrawlingService.runOneIteration(CrawlingService.java:14)
	at com.google.common.util.concurrent.AbstractScheduledService$ServiceDelegate$Task.run(AbstractScheduledService.java:189)
	at com.google.common.util.concurrent.AbstractScheduledService$CustomScheduler$ReschedulableCallable.call(AbstractScheduledService.java:461)
	at com.google.common.util.concurrent.AbstractScheduledService$CustomScheduler$ReschedulableCallable.call(AbstractScheduledService.java:427)
	at com.google.common.util.concurrent.Callables$2.call(Callables.java:71)
	at java.util.concurrent.FutureTask.run(FutureTask.java:266)
	at java.util.concurrent.ScheduledThreadPoolExecutor$ScheduledFutureTask.access$201(ScheduledThreadPoolExecutor.java:180)
	at java.util.concurrent.ScheduledThreadPoolExecutor$ScheduledFutureTask.run(ScheduledThreadPoolExecutor.java:293)
	at java.util.concurrent.ThreadPoolExecutor.runWorker(ThreadPoolExecutor.java:1142)
	at java.util.concurrent.ThreadPoolExecutor$Worker.run(ThreadPoolExecutor.java:617)
	at java.lang.Thread.run(Thread.java:745)
2017-05-08 15:59:48,380 ERROR (CrawlingService RUNNING) [Login(signUp:12)] Error
javax.security.auth.login.LoginException
	at com.amerino.login.Login.signUp(Login.java:12)
	at com.amerino.CrawlingService.runOneIteration(CrawlingService.java:15)
	at com.google.common.util.concurrent.AbstractScheduledService$ServiceDelegate$Task.run(AbstractScheduledService.java:189)
	at com.google.common.util.concurrent.AbstractScheduledService$CustomScheduler$ReschedulableCallable.call(AbstractScheduledService.java:461)
	at com.google.common.util.concurrent.AbstractScheduledService$CustomScheduler$ReschedulableCallable.call(AbstractScheduledService.java:427)
	at com.google.common.util.concurrent.Callables$2.call(Callables.java:71)
	at java.util.concurrent.FutureTask.run(FutureTask.java:266)
	at java.util.concurrent.ScheduledThreadPoolExecutor$ScheduledFutureTask.access$201(ScheduledThreadPoolExecutor.java:180)
	at java.util.concurrent.ScheduledThreadPoolExecutor$ScheduledFutureTask.run(ScheduledThreadPoolExecutor.java:293)
	at java.util.concurrent.ThreadPoolExecutor.runWorker(ThreadPoolExecutor.java:1142)
	at java.util.concurrent.ThreadPoolExecutor$Worker.run(ThreadPoolExecutor.java:617)
	at java.lang.Thread.run(Thread.java:745)
2017-05-08 15:59:48,380 ERROR (CrawlingService RUNNING) [Login(verifyUser:16)] Error
java.lang.IllegalAccessException
	at com.amerino.login.Login.verifyUser(Login.java:16)
	at com.amerino.CrawlingService.runOneIteration(CrawlingService.java:16)
	at com.google.common.util.concurrent.AbstractScheduledService$ServiceDelegate$Task.run(AbstractScheduledService.java:189)
	at com.google.common.util.concurrent.AbstractScheduledService$CustomScheduler$ReschedulableCallable.call(AbstractScheduledService.java:461)
	at com.google.common.util.concurrent.AbstractScheduledService$CustomScheduler$ReschedulableCallable.call(AbstractScheduledService.java:427)
	at com.google.common.util.concurrent.Callables$2.call(Callables.java:71)
	at java.util.concurrent.FutureTask.run(FutureTask.java:266)
	at java.util.concurrent.ScheduledThreadPoolExecutor$ScheduledFutureTask.access$201(ScheduledThreadPoolExecutor.java:180)
	at java.util.concurrent.ScheduledThreadPoolExecutor$ScheduledFutureTask.run(ScheduledThreadPoolExecutor.java:293)
	at java.util.concurrent.ThreadPoolExecutor.runWorker(ThreadPoolExecutor.java:1142)
	at java.util.concurrent.ThreadPoolExecutor$Worker.run(ThreadPoolExecutor.java:617)
	at java.lang.Thread.run(Thread.java:745)
2017-05-08 15:59:48,380 ERROR (CrawlingService RUNNING) [Tree(getLeaves:11)] Error
java.net.NoRouteToHostException
	at com.amerino.game.map.Tree.getLeaves(Tree.java:11)
	at com.amerino.CrawlingService.runOneIteration(CrawlingService.java:18)
	at com.google.common.util.concurrent.AbstractScheduledService$ServiceDelegate$Task.run(AbstractScheduledService.java:189)
	at com.google.common.util.concurrent.AbstractScheduledService$CustomScheduler$ReschedulableCallable.call(AbstractScheduledService.java:461)
	at com.google.common.util.concurrent.AbstractScheduledService$CustomScheduler$ReschedulableCallable.call(AbstractScheduledService.java:427)
	at com.google.common.util.concurrent.Callables$2.call(Callables.java:71)
	at java.util.concurrent.FutureTask.run(FutureTask.java:266)
	at java.util.concurrent.ScheduledThreadPoolExecutor$ScheduledFutureTask.access$201(ScheduledThreadPoolExecutor.java:180)
	at java.util.concurrent.ScheduledThreadPoolExecutor$ScheduledFutureTask.run(ScheduledThreadPoolExecutor.java:293)
	at java.util.concurrent.ThreadPoolExecutor.runWorker(ThreadPoolExecutor.java:1142)
	at java.util.concurrent.ThreadPoolExecutor$Worker.run(ThreadPoolExecutor.java:617)
	at java.lang.Thread.run(Thread.java:745)
2017-05-08 15:59:48,395 ERROR (CrawlingService RUNNING) [Rock(getSize:9)] Error
java.lang.ClassNotFoundException
	at com.amerino.game.map.Rock.getSize(Rock.java:9)
	at com.amerino.CrawlingService.runOneIteration(CrawlingService.java:20)
	at com.google.common.util.concurrent.AbstractScheduledService$ServiceDelegate$Task.run(AbstractScheduledService.java:189)
	at com.google.common.util.concurrent.AbstractScheduledService$CustomScheduler$ReschedulableCallable.call(AbstractScheduledService.java:461)
	at com.google.common.util.concurrent.AbstractScheduledService$CustomScheduler$ReschedulableCallable.call(AbstractScheduledService.java:427)
	at com.google.common.util.concurrent.Callables$2.call(Callables.java:71)
	at java.util.concurrent.FutureTask.run(FutureTask.java:266)
	at java.util.concurrent.ScheduledThreadPoolExecutor$ScheduledFutureTask.access$201(ScheduledThreadPoolExecutor.java:180)
	at java.util.concurrent.ScheduledThreadPoolExecutor$ScheduledFutureTask.run(ScheduledThreadPoolExecutor.java:293)
	at java.util.concurrent.ThreadPoolExecutor.runWorker(ThreadPoolExecutor.java:1142)
	at java.util.concurrent.ThreadPoolExecutor$Worker.run(ThreadPoolExecutor.java:617)
	at java.lang.Thread.run(Thread.java:745)
2017-05-08 15:59:49,411 ERROR (CrawlingService RUNNING) [Login(createUser:20)] Error
java.lang.NumberFormatException
	at com.amerino.login.Login.createUser(Login.java:20)
	at com.amerino.CrawlingService.runOneIteration(CrawlingService.java:14)
	at com.google.common.util.concurrent.AbstractScheduledService$ServiceDelegate$Task.run(AbstractScheduledService.java:189)
	at com.google.common.util.concurrent.AbstractScheduledService$CustomScheduler$ReschedulableCallable.call(AbstractScheduledService.java:461)
	at com.google.common.util.concurrent.AbstractScheduledService$CustomScheduler$ReschedulableCallable.call(AbstractScheduledService.java:427)
	at com.google.common.util.concurrent.Callables$2.call(Callables.java:71)
	at java.util.concurrent.FutureTask.run(FutureTask.java:266)
	at java.util.concurrent.ScheduledThreadPoolExecutor$ScheduledFutureTask.access$201(ScheduledThreadPoolExecutor.java:180)
	at java.util.concurrent.ScheduledThreadPoolExecutor$ScheduledFutureTask.run(ScheduledThreadPoolExecutor.java:293)
	at java.util.concurrent.ThreadPoolExecutor.runWorker(ThreadPoolExecutor.java:1142)
	at java.util.concurrent.ThreadPoolExecutor$Worker.run(ThreadPoolExecutor.java:617)
	at java.lang.Thread.run(Thread.java:745)
2017-05-08 15:59:49,411 ERROR (CrawlingService RUNNING) [Login(signUp:12)] Error
javax.security.auth.login.LoginException
	at com.amerino.login.Login.signUp(Login.java:12)
	at com.amerino.CrawlingService.runOneIteration(CrawlingService.java:15)
	at com.google.common.util.concurrent.AbstractScheduledService$ServiceDelegate$Task.run(AbstractScheduledService.java:189)
	at com.google.common.util.concurrent.AbstractScheduledService$CustomScheduler$ReschedulableCallable.call(AbstractScheduledService.java:461)
	at com.google.common.util.concurrent.AbstractScheduledService$CustomScheduler$ReschedulableCallable.call(AbstractScheduledService.java:427)
	at com.google.common.util.concurrent.Callables$2.call(Callables.java:71)
	at java.util.concurrent.FutureTask.run(FutureTask.java:266)
	at java.util.concurrent.ScheduledThreadPoolExecutor$ScheduledFutureTask.access$201(ScheduledThreadPoolExecutor.java:180)
	at java.util.concurrent.ScheduledThreadPoolExecutor$ScheduledFutureTask.run(ScheduledThreadPoolExecutor.java:293)
	at java.util.concurrent.ThreadPoolExecutor.runWorker(ThreadPoolExecutor.java:1142)
	at java.util.concurrent.ThreadPoolExecutor$Worker.run(ThreadPoolExecutor.java:617)
	at java.lang.Thread.run(Thread.java:745)
2017-05-08 15:59:49,411 ERROR (CrawlingService RUNNING) [Login(verifyUser:16)] Error
java.lang.IllegalAccessException
	at com.amerino.login.Login.verifyUser(Login.java:16)
	at com.amerino.CrawlingService.runOneIteration(CrawlingService.java:16)
	at com.google.common.util.concurrent.AbstractScheduledService$ServiceDelegate$Task.run(AbstractScheduledService.java:189)
	at com.google.common.util.concurrent.AbstractScheduledService$CustomScheduler$ReschedulableCallable.call(AbstractScheduledService.java:461)
	at com.google.common.util.concurrent.AbstractScheduledService$CustomScheduler$ReschedulableCallable.call(AbstractScheduledService.java:427)
	at com.google.common.util.concurrent.Callables$2.call(Callables.java:71)
	at java.util.concurrent.FutureTask.run(FutureTask.java:266)
	at java.util.concurrent.ScheduledThreadPoolExecutor$ScheduledFutureTask.access$201(ScheduledThreadPoolExecutor.java:180)
	at java.util.concurrent.ScheduledThreadPoolExecutor$ScheduledFutureTask.run(ScheduledThreadPoolExecutor.java:293)
	at java.util.concurrent.ThreadPoolExecutor.runWorker(ThreadPoolExecutor.java:1142)
	at java.util.concurrent.ThreadPoolExecutor$Worker.run(ThreadPoolExecutor.java:617)
	at java.lang.Thread.run(Thread.java:745)
2017-05-08 15:59:49,411 ERROR (CrawlingService RUNNING) [Tree(getLeaves:11)] Error
java.net.NoRouteToHostException
	at com.amerino.game.map.Tree.getLeaves(Tree.java:11)
	at com.amerino.CrawlingService.runOneIteration(CrawlingService.java:18)
	at com.google.common.util.concurrent.AbstractScheduledService$ServiceDelegate$Task.run(AbstractScheduledService.java:189)
	at com.google.common.util.concurrent.AbstractScheduledService$CustomScheduler$ReschedulableCallable.call(AbstractScheduledService.java:461)
	at com.google.common.util.concurrent.AbstractScheduledService$CustomScheduler$ReschedulableCallable.call(AbstractScheduledService.java:427)
	at com.google.common.util.concurrent.Callables$2.call(Callables.java:71)
	at java.util.concurrent.FutureTask.run(FutureTask.java:266)
	at java.util.concurrent.ScheduledThreadPoolExecutor$ScheduledFutureTask.access$201(ScheduledThreadPoolExecutor.java:180)
	at java.util.concurrent.ScheduledThreadPoolExecutor$ScheduledFutureTask.run(ScheduledThreadPoolExecutor.java:293)
	at java.util.concurrent.ThreadPoolExecutor.runWorker(ThreadPoolExecutor.java:1142)
	at java.util.concurrent.ThreadPoolExecutor$Worker.run(ThreadPoolExecutor.java:617)
	at java.lang.Thread.run(Thread.java:745)
2017-05-08 15:59:49,427 ERROR (CrawlingService RUNNING) [Rock(getSize:9)] Error
java.lang.ClassNotFoundException
	at com.amerino.game.map.Rock.getSize(Rock.java:9)
	at com.amerino.CrawlingService.runOneIteration(CrawlingService.java:20)
	at com.google.common.util.concurrent.AbstractScheduledService$ServiceDelegate$Task.run(AbstractScheduledService.java:189)
	at com.google.common.util.concurrent.AbstractScheduledService$CustomScheduler$ReschedulableCallable.call(AbstractScheduledService.java:461)
	at com.google.common.util.concurrent.AbstractScheduledService$CustomScheduler$ReschedulableCallable.call(AbstractScheduledService.java:427)
	at com.google.common.util.concurrent.Callables$2.call(Callables.java:71)
	at java.util.concurrent.FutureTask.run(FutureTask.java:266)
	at java.util.concurrent.ScheduledThreadPoolExecutor$ScheduledFutureTask.access$201(ScheduledThreadPoolExecutor.java:180)
	at java.util.concurrent.ScheduledThreadPoolExecutor$ScheduledFutureTask.run(ScheduledThreadPoolExecutor.java:293)
	at java.util.concurrent.ThreadPoolExecutor.runWorker(ThreadPoolExecutor.java:1142)
	at java.util.concurrent.ThreadPoolExecutor$Worker.run(ThreadPoolExecutor.java:617)
	at java.lang.Thread.run(Thread.java:745)
2017-05-08 15:59:50,442 ERROR (CrawlingService RUNNING) [Login(createUser:20)] Error
java.lang.NumberFormatException
	at com.amerino.login.Login.createUser(Login.java:20)
	at com.amerino.CrawlingService.runOneIteration(CrawlingService.java:14)
	at com.google.common.util.concurrent.AbstractScheduledService$ServiceDelegate$Task.run(AbstractScheduledService.java:189)
	at com.google.common.util.concurrent.AbstractScheduledService$CustomScheduler$ReschedulableCallable.call(AbstractScheduledService.java:461)
	at com.google.common.util.concurrent.AbstractScheduledService$CustomScheduler$ReschedulableCallable.call(AbstractScheduledService.java:427)
	at com.google.common.util.concurrent.Callables$2.call(Callables.java:71)
	at java.util.concurrent.FutureTask.run(FutureTask.java:266)
	at java.util.concurrent.ScheduledThreadPoolExecutor$ScheduledFutureTask.access$201(ScheduledThreadPoolExecutor.java:180)
	at java.util.concurrent.ScheduledThreadPoolExecutor$ScheduledFutureTask.run(ScheduledThreadPoolExecutor.java:293)
	at java.util.concurrent.ThreadPoolExecutor.runWorker(ThreadPoolExecutor.java:1142)
	at java.util.concurrent.ThreadPoolExecutor$Worker.run(ThreadPoolExecutor.java:617)
	at java.lang.Thread.run(Thread.java:745)
2017-05-08 15:59:50,442 ERROR (CrawlingService RUNNING) [Login(signUp:12)] Error
javax.security.auth.login.LoginException
	at com.amerino.login.Login.signUp(Login.java:12)
	at com.amerino.CrawlingService.runOneIteration(CrawlingService.java:15)
	at com.google.common.util.concurrent.AbstractScheduledService$ServiceDelegate$Task.run(AbstractScheduledService.java:189)
	at com.google.common.util.concurrent.AbstractScheduledService$CustomScheduler$ReschedulableCallable.call(AbstractScheduledService.java:461)
	at com.google.common.util.concurrent.AbstractScheduledService$CustomScheduler$ReschedulableCallable.call(AbstractScheduledService.java:427)
	at com.google.common.util.concurrent.Callables$2.call(Callables.java:71)
	at java.util.concurrent.FutureTask.run(FutureTask.java:266)
	at java.util.concurrent.ScheduledThreadPoolExecutor$ScheduledFutureTask.access$201(ScheduledThreadPoolExecutor.java:180)
	at java.util.concurrent.ScheduledThreadPoolExecutor$ScheduledFutureTask.run(ScheduledThreadPoolExecutor.java:293)
	at java.util.concurrent.ThreadPoolExecutor.runWorker(ThreadPoolExecutor.java:1142)
	at java.util.concurrent.ThreadPoolExecutor$Worker.run(ThreadPoolExecutor.java:617)
	at java.lang.Thread.run(Thread.java:745)
2017-05-08 15:59:50,442 ERROR (CrawlingService RUNNING) [Login(verifyUser:16)] Error
java.lang.IllegalAccessException
	at com.amerino.login.Login.verifyUser(Login.java:16)
	at com.amerino.CrawlingService.runOneIteration(CrawlingService.java:16)
	at com.google.common.util.concurrent.AbstractScheduledService$ServiceDelegate$Task.run(AbstractScheduledService.java:189)
	at com.google.common.util.concurrent.AbstractScheduledService$CustomScheduler$ReschedulableCallable.call(AbstractScheduledService.java:461)
	at com.google.common.util.concurrent.AbstractScheduledService$CustomScheduler$ReschedulableCallable.call(AbstractScheduledService.java:427)
	at com.google.common.util.concurrent.Callables$2.call(Callables.java:71)
	at java.util.concurrent.FutureTask.run(FutureTask.java:266)
	at java.util.concurrent.ScheduledThreadPoolExecutor$ScheduledFutureTask.access$201(ScheduledThreadPoolExecutor.java:180)
	at java.util.concurrent.ScheduledThreadPoolExecutor$ScheduledFutureTask.run(ScheduledThreadPoolExecutor.java:293)
	at java.util.concurrent.ThreadPoolExecutor.runWorker(ThreadPoolExecutor.java:1142)
	at java.util.concurrent.ThreadPoolExecutor$Worker.run(ThreadPoolExecutor.java:617)
	at java.lang.Thread.run(Thread.java:745)
2017-05-08 15:59:50,442 ERROR (CrawlingService RUNNING) [Tree(getLeaves:11)] Error
java.net.NoRouteToHostException
	at com.amerino.game.map.Tree.getLeaves(Tree.java:11)
	at com.amerino.CrawlingService.runOneIteration(CrawlingService.java:18)
	at com.google.common.util.concurrent.AbstractScheduledService$ServiceDelegate$Task.run(AbstractScheduledService.java:189)
	at com.google.common.util.concurrent.AbstractScheduledService$CustomScheduler$ReschedulableCallable.call(AbstractScheduledService.java:461)
	at com.google.common.util.concurrent.AbstractScheduledService$CustomScheduler$ReschedulableCallable.call(AbstractScheduledService.java:427)
	at com.google.common.util.concurrent.Callables$2.call(Callables.java:71)
	at java.util.concurrent.FutureTask.run(FutureTask.java:266)
	at java.util.concurrent.ScheduledThreadPoolExecutor$ScheduledFutureTask.access$201(ScheduledThreadPoolExecutor.java:180)
	at java.util.concurrent.ScheduledThreadPoolExecutor$ScheduledFutureTask.run(ScheduledThreadPoolExecutor.java:293)
	at java.util.concurrent.ThreadPoolExecutor.runWorker(ThreadPoolExecutor.java:1142)
	at java.util.concurrent.ThreadPoolExecutor$Worker.run(ThreadPoolExecutor.java:617)
	at java.lang.Thread.run(Thread.java:745)
2017-05-08 15:59:50,458 ERROR (CrawlingService RUNNING) [Rock(getSize:9)] Error
java.lang.ClassNotFoundException
	at com.amerino.game.map.Rock.getSize(Rock.java:9)
	at com.amerino.CrawlingService.runOneIteration(CrawlingService.java:20)
	at com.google.common.util.concurrent.AbstractScheduledService$ServiceDelegate$Task.run(AbstractScheduledService.java:189)
	at com.google.common.util.concurrent.AbstractScheduledService$CustomScheduler$ReschedulableCallable.call(AbstractScheduledService.java:461)
	at com.google.common.util.concurrent.AbstractScheduledService$CustomScheduler$ReschedulableCallable.call(AbstractScheduledService.java:427)
	at com.google.common.util.concurrent.Callables$2.call(Callables.java:71)
	at java.util.concurrent.FutureTask.run(FutureTask.java:266)
	at java.util.concurrent.ScheduledThreadPoolExecutor$ScheduledFutureTask.access$201(ScheduledThreadPoolExecutor.java:180)
	at java.util.concurrent.ScheduledThreadPoolExecutor$ScheduledFutureTask.run(ScheduledThreadPoolExecutor.java:293)
	at java.util.concurrent.ThreadPoolExecutor.runWorker(ThreadPoolExecutor.java:1142)
	at java.util.concurrent.ThreadPoolExecutor$Worker.run(ThreadPoolExecutor.java:617)
	at java.lang.Thread.run(Thread.java:745)
2017-05-08 15:59:51,474 ERROR (CrawlingService RUNNING) [Login(createUser:20)] Error
java.lang.NumberFormatException
	at com.amerino.login.Login.createUser(Login.java:20)
	at com.amerino.CrawlingService.runOneIteration(CrawlingService.java:14)
	at com.google.common.util.concurrent.AbstractScheduledService$ServiceDelegate$Task.run(AbstractScheduledService.java:189)
	at com.google.common.util.concurrent.AbstractScheduledService$CustomScheduler$ReschedulableCallable.call(AbstractScheduledService.java:461)
	at com.google.common.util.concurrent.AbstractScheduledService$CustomScheduler$ReschedulableCallable.call(AbstractScheduledService.java:427)
	at com.google.common.util.concurrent.Callables$2.call(Callables.java:71)
	at java.util.concurrent.FutureTask.run(FutureTask.java:266)
	at java.util.concurrent.ScheduledThreadPoolExecutor$ScheduledFutureTask.access$201(ScheduledThreadPoolExecutor.java:180)
	at java.util.concurrent.ScheduledThreadPoolExecutor$ScheduledFutureTask.run(ScheduledThreadPoolExecutor.java:293)
	at java.util.concurrent.ThreadPoolExecutor.runWorker(ThreadPoolExecutor.java:1142)
	at java.util.concurrent.ThreadPoolExecutor$Worker.run(ThreadPoolExecutor.java:617)
	at java.lang.Thread.run(Thread.java:745)
2017-05-08 15:59:51,474 ERROR (CrawlingService RUNNING) [Login(signUp:12)] Error
javax.security.auth.login.LoginException
	at com.amerino.login.Login.signUp(Login.java:12)
	at com.amerino.CrawlingService.runOneIteration(CrawlingService.java:15)
	at com.google.common.util.concurrent.AbstractScheduledService$ServiceDelegate$Task.run(AbstractScheduledService.java:189)
	at com.google.common.util.concurrent.AbstractScheduledService$CustomScheduler$ReschedulableCallable.call(AbstractScheduledService.java:461)
	at com.google.common.util.concurrent.AbstractScheduledService$CustomScheduler$ReschedulableCallable.call(AbstractScheduledService.java:427)
	at com.google.common.util.concurrent.Callables$2.call(Callables.java:71)
	at java.util.concurrent.FutureTask.run(FutureTask.java:266)
	at java.util.concurrent.ScheduledThreadPoolExecutor$ScheduledFutureTask.access$201(ScheduledThreadPoolExecutor.java:180)
	at java.util.concurrent.ScheduledThreadPoolExecutor$ScheduledFutureTask.run(ScheduledThreadPoolExecutor.java:293)
	at java.util.concurrent.ThreadPoolExecutor.runWorker(ThreadPoolExecutor.java:1142)
	at java.util.concurrent.ThreadPoolExecutor$Worker.run(ThreadPoolExecutor.java:617)
	at java.lang.Thread.run(Thread.java:745)
2017-05-08 15:59:51,474 ERROR (CrawlingService RUNNING) [Login(verifyUser:16)] Error
java.lang.IllegalAccessException
	at com.amerino.login.Login.verifyUser(Login.java:16)
	at com.amerino.CrawlingService.runOneIteration(CrawlingService.java:16)
	at com.google.common.util.concurrent.AbstractScheduledService$ServiceDelegate$Task.run(AbstractScheduledService.java:189)
	at com.google.common.util.concurrent.AbstractScheduledService$CustomScheduler$ReschedulableCallable.call(AbstractScheduledService.java:461)
	at com.google.common.util.concurrent.AbstractScheduledService$CustomScheduler$ReschedulableCallable.call(AbstractScheduledService.java:427)
	at com.google.common.util.concurrent.Callables$2.call(Callables.java:71)
	at java.util.concurrent.FutureTask.run(FutureTask.java:266)
	at java.util.concurrent.ScheduledThreadPoolExecutor$ScheduledFutureTask.access$201(ScheduledThreadPoolExecutor.java:180)
	at java.util.concurrent.ScheduledThreadPoolExecutor$ScheduledFutureTask.run(ScheduledThreadPoolExecutor.java:293)
	at java.util.concurrent.ThreadPoolExecutor.runWorker(ThreadPoolExecutor.java:1142)
	at java.util.concurrent.ThreadPoolExecutor$Worker.run(ThreadPoolExecutor.java:617)
	at java.lang.Thread.run(Thread.java:745)
2017-05-08 15:59:51,474 ERROR (CrawlingService RUNNING) [Tree(getLeaves:11)] Error
java.net.NoRouteToHostException
	at com.amerino.game.map.Tree.getLeaves(Tree.java:11)
	at com.amerino.CrawlingService.runOneIteration(CrawlingService.java:18)
	at com.google.common.util.concurrent.AbstractScheduledService$ServiceDelegate$Task.run(AbstractScheduledService.java:189)
	at com.google.common.util.concurrent.AbstractScheduledService$CustomScheduler$ReschedulableCallable.call(AbstractScheduledService.java:461)
	at com.google.common.util.concurrent.AbstractScheduledService$CustomScheduler$ReschedulableCallable.call(AbstractScheduledService.java:427)
	at com.google.common.util.concurrent.Callables$2.call(Callables.java:71)
	at java.util.concurrent.FutureTask.run(FutureTask.java:266)
	at java.util.concurrent.ScheduledThreadPoolExecutor$ScheduledFutureTask.access$201(ScheduledThreadPoolExecutor.java:180)
	at java.util.concurrent.ScheduledThreadPoolExecutor$ScheduledFutureTask.run(ScheduledThreadPoolExecutor.java:293)
	at java.util.concurrent.ThreadPoolExecutor.runWorker(ThreadPoolExecutor.java:1142)
	at java.util.concurrent.ThreadPoolExecutor$Worker.run(ThreadPoolExecutor.java:617)
	at java.lang.Thread.run(Thread.java:745)
2017-05-08 15:59:51,489 ERROR (CrawlingService RUNNING) [Rock(getSize:9)] Error
java.lang.ClassNotFoundException
	at com.amerino.game.map.Rock.getSize(Rock.java:9)
	at com.amerino.CrawlingService.runOneIteration(CrawlingService.java:20)
	at com.google.common.util.concurrent.AbstractScheduledService$ServiceDelegate$Task.run(AbstractScheduledService.java:189)
	at com.google.common.util.concurrent.AbstractScheduledService$CustomScheduler$ReschedulableCallable.call(AbstractScheduledService.java:461)
	at com.google.common.util.concurrent.AbstractScheduledService$CustomScheduler$ReschedulableCallable.call(AbstractScheduledService.java:427)
	at com.google.common.util.concurrent.Callables$2.call(Callables.java:71)
	at java.util.concurrent.FutureTask.run(FutureTask.java:266)
	at java.util.concurrent.ScheduledThreadPoolExecutor$ScheduledFutureTask.access$201(ScheduledThreadPoolExecutor.java:180)
	at java.util.concurrent.ScheduledThreadPoolExecutor$ScheduledFutureTask.run(ScheduledThreadPoolExecutor.java:293)
	at java.util.concurrent.ThreadPoolExecutor.runWorker(ThreadPoolExecutor.java:1142)
	at java.util.concurrent.ThreadPoolExecutor$Worker.run(ThreadPoolExecutor.java:617)
	at java.lang.Thread.run(Thread.java:745)
2017-05-08 15:59:52,505 ERROR (CrawlingService RUNNING) [Login(createUser:20)] Error
java.lang.NumberFormatException
	at com.amerino.login.Login.createUser(Login.java:20)
	at com.amerino.CrawlingService.runOneIteration(CrawlingService.java:14)
	at com.google.common.util.concurrent.AbstractScheduledService$ServiceDelegate$Task.run(AbstractScheduledService.java:189)
	at com.google.common.util.concurrent.AbstractScheduledService$CustomScheduler$ReschedulableCallable.call(AbstractScheduledService.java:461)
	at com.google.common.util.concurrent.AbstractScheduledService$CustomScheduler$ReschedulableCallable.call(AbstractScheduledService.java:427)
	at com.google.common.util.concurrent.Callables$2.call(Callables.java:71)
	at java.util.concurrent.FutureTask.run(FutureTask.java:266)
	at java.util.concurrent.ScheduledThreadPoolExecutor$ScheduledFutureTask.access$201(ScheduledThreadPoolExecutor.java:180)
	at java.util.concurrent.ScheduledThreadPoolExecutor$ScheduledFutureTask.run(ScheduledThreadPoolExecutor.java:293)
	at java.util.concurrent.ThreadPoolExecutor.runWorker(ThreadPoolExecutor.java:1142)
	at java.util.concurrent.ThreadPoolExecutor$Worker.run(ThreadPoolExecutor.java:617)
	at java.lang.Thread.run(Thread.java:745)
2017-05-08 15:59:52,505 ERROR (CrawlingService RUNNING) [Login(signUp:12)] Error
javax.security.auth.login.LoginException
	at com.amerino.login.Login.signUp(Login.java:12)
	at com.amerino.CrawlingService.runOneIteration(CrawlingService.java:15)
	at com.google.common.util.concurrent.AbstractScheduledService$ServiceDelegate$Task.run(AbstractScheduledService.java:189)
	at com.google.common.util.concurrent.AbstractScheduledService$CustomScheduler$ReschedulableCallable.call(AbstractScheduledService.java:461)
	at com.google.common.util.concurrent.AbstractScheduledService$CustomScheduler$ReschedulableCallable.call(AbstractScheduledService.java:427)
	at com.google.common.util.concurrent.Callables$2.call(Callables.java:71)
	at java.util.concurrent.FutureTask.run(FutureTask.java:266)
	at java.util.concurrent.ScheduledThreadPoolExecutor$ScheduledFutureTask.access$201(ScheduledThreadPoolExecutor.java:180)
	at java.util.concurrent.ScheduledThreadPoolExecutor$ScheduledFutureTask.run(ScheduledThreadPoolExecutor.java:293)
	at java.util.concurrent.ThreadPoolExecutor.runWorker(ThreadPoolExecutor.java:1142)
	at java.util.concurrent.ThreadPoolExecutor$Worker.run(ThreadPoolExecutor.java:617)
	at java.lang.Thread.run(Thread.java:745)
2017-05-08 15:59:52,505 ERROR (CrawlingService RUNNING) [Login(verifyUser:16)] Error
java.lang.IllegalAccessException
	at com.amerino.login.Login.verifyUser(Login.java:16)
	at com.amerino.CrawlingService.runOneIteration(CrawlingService.java:16)
	at com.google.common.util.concurrent.AbstractScheduledService$ServiceDelegate$Task.run(AbstractScheduledService.java:189)
	at com.google.common.util.concurrent.AbstractScheduledService$CustomScheduler$ReschedulableCallable.call(AbstractScheduledService.java:461)
	at com.google.common.util.concurrent.AbstractScheduledService$CustomScheduler$ReschedulableCallable.call(AbstractScheduledService.java:427)
	at com.google.common.util.concurrent.Callables$2.call(Callables.java:71)
	at java.util.concurrent.FutureTask.run(FutureTask.java:266)
	at java.util.concurrent.ScheduledThreadPoolExecutor$ScheduledFutureTask.access$201(ScheduledThreadPoolExecutor.java:180)
	at java.util.concurrent.ScheduledThreadPoolExecutor$ScheduledFutureTask.run(ScheduledThreadPoolExecutor.java:293)
	at java.util.concurrent.ThreadPoolExecutor.runWorker(ThreadPoolExecutor.java:1142)
	at java.util.concurrent.ThreadPoolExecutor$Worker.run(ThreadPoolExecutor.java:617)
	at java.lang.Thread.run(Thread.java:745)
2017-05-08 15:59:52,505 ERROR (CrawlingService RUNNING) [Tree(getLeaves:11)] Error
java.net.NoRouteToHostException
	at com.amerino.game.map.Tree.getLeaves(Tree.java:11)
	at com.amerino.CrawlingService.runOneIteration(CrawlingService.java:18)
	at com.google.common.util.concurrent.AbstractScheduledService$ServiceDelegate$Task.run(AbstractScheduledService.java:189)
	at com.google.common.util.concurrent.AbstractScheduledService$CustomScheduler$ReschedulableCallable.call(AbstractScheduledService.java:461)
	at com.google.common.util.concurrent.AbstractScheduledService$CustomScheduler$ReschedulableCallable.call(AbstractScheduledService.java:427)
	at com.google.common.util.concurrent.Callables$2.call(Callables.java:71)
	at java.util.concurrent.FutureTask.run(FutureTask.java:266)
	at java.util.concurrent.ScheduledThreadPoolExecutor$ScheduledFutureTask.access$201(ScheduledThreadPoolExecutor.java:180)
	at java.util.concurrent.ScheduledThreadPoolExecutor$ScheduledFutureTask.run(ScheduledThreadPoolExecutor.java:293)
	at java.util.concurrent.ThreadPoolExecutor.runWorker(ThreadPoolExecutor.java:1142)
	at java.util.concurrent.ThreadPoolExecutor$Worker.run(ThreadPoolExecutor.java:617)
	at java.lang.Thread.run(Thread.java:745)
2017-05-08 15:59:52,521 ERROR (CrawlingService RUNNING) [Rock(getSize:9)] Error
java.lang.ClassNotFoundException
	at com.amerino.game.map.Rock.getSize(Rock.java:9)
	at com.amerino.CrawlingService.runOneIteration(CrawlingService.java:20)
	at com.google.common.util.concurrent.AbstractScheduledService$ServiceDelegate$Task.run(AbstractScheduledService.java:189)
	at com.google.common.util.concurrent.AbstractScheduledService$CustomScheduler$ReschedulableCallable.call(AbstractScheduledService.java:461)
	at com.google.common.util.concurrent.AbstractScheduledService$CustomScheduler$ReschedulableCallable.call(AbstractScheduledService.java:427)
	at com.google.common.util.concurrent.Callables$2.call(Callables.java:71)
	at java.util.concurrent.FutureTask.run(FutureTask.java:266)
	at java.util.concurrent.ScheduledThreadPoolExecutor$ScheduledFutureTask.access$201(ScheduledThreadPoolExecutor.java:180)
	at java.util.concurrent.ScheduledThreadPoolExecutor$ScheduledFutureTask.run(ScheduledThreadPoolExecutor.java:293)
	at java.util.concurrent.ThreadPoolExecutor.runWorker(ThreadPoolExecutor.java:1142)
	at java.util.concurrent.ThreadPoolExecutor$Worker.run(ThreadPoolExecutor.java:617)
	at java.lang.Thread.run(Thread.java:745)
2017-05-08 15:59:53,536 ERROR (CrawlingService RUNNING) [Login(createUser:20)] Error
java.lang.NumberFormatException
	at com.amerino.login.Login.createUser(Login.java:20)
	at com.amerino.CrawlingService.runOneIteration(CrawlingService.java:14)
	at com.google.common.util.concurrent.AbstractScheduledService$ServiceDelegate$Task.run(AbstractScheduledService.java:189)
	at com.google.common.util.concurrent.AbstractScheduledService$CustomScheduler$ReschedulableCallable.call(AbstractScheduledService.java:461)
	at com.google.common.util.concurrent.AbstractScheduledService$CustomScheduler$ReschedulableCallable.call(AbstractScheduledService.java:427)
	at com.google.common.util.concurrent.Callables$2.call(Callables.java:71)
	at java.util.concurrent.FutureTask.run(FutureTask.java:266)
	at java.util.concurrent.ScheduledThreadPoolExecutor$ScheduledFutureTask.access$201(ScheduledThreadPoolExecutor.java:180)
	at java.util.concurrent.ScheduledThreadPoolExecutor$ScheduledFutureTask.run(ScheduledThreadPoolExecutor.java:293)
	at java.util.concurrent.ThreadPoolExecutor.runWorker(ThreadPoolExecutor.java:1142)
	at java.util.concurrent.ThreadPoolExecutor$Worker.run(ThreadPoolExecutor.java:617)
	at java.lang.Thread.run(Thread.java:745)
2017-05-08 15:59:53,536 ERROR (CrawlingService RUNNING) [Login(signUp:12)] Error
javax.security.auth.login.LoginException
	at com.amerino.login.Login.signUp(Login.java:12)
	at com.amerino.CrawlingService.runOneIteration(CrawlingService.java:15)
	at com.google.common.util.concurrent.AbstractScheduledService$ServiceDelegate$Task.run(AbstractScheduledService.java:189)
	at com.google.common.util.concurrent.AbstractScheduledService$CustomScheduler$ReschedulableCallable.call(AbstractScheduledService.java:461)
	at com.google.common.util.concurrent.AbstractScheduledService$CustomScheduler$ReschedulableCallable.call(AbstractScheduledService.java:427)
	at com.google.common.util.concurrent.Callables$2.call(Callables.java:71)
	at java.util.concurrent.FutureTask.run(FutureTask.java:266)
	at java.util.concurrent.ScheduledThreadPoolExecutor$ScheduledFutureTask.access$201(ScheduledThreadPoolExecutor.java:180)
	at java.util.concurrent.ScheduledThreadPoolExecutor$ScheduledFutureTask.run(ScheduledThreadPoolExecutor.java:293)
	at java.util.concurrent.ThreadPoolExecutor.runWorker(ThreadPoolExecutor.java:1142)
	at java.util.concurrent.ThreadPoolExecutor$Worker.run(ThreadPoolExecutor.java:617)
	at java.lang.Thread.run(Thread.java:745)
2017-05-08 15:59:53,536 ERROR (CrawlingService RUNNING) [Login(verifyUser:16)] Error
java.lang.IllegalAccessException
	at com.amerino.login.Login.verifyUser(Login.java:16)
	at com.amerino.CrawlingService.runOneIteration(CrawlingService.java:16)
	at com.google.common.util.concurrent.AbstractScheduledService$ServiceDelegate$Task.run(AbstractScheduledService.java:189)
	at com.google.common.util.concurrent.AbstractScheduledService$CustomScheduler$ReschedulableCallable.call(AbstractScheduledService.java:461)
	at com.google.common.util.concurrent.AbstractScheduledService$CustomScheduler$ReschedulableCallable.call(AbstractScheduledService.java:427)
	at com.google.common.util.concurrent.Callables$2.call(Callables.java:71)
	at java.util.concurrent.FutureTask.run(FutureTask.java:266)
	at java.util.concurrent.ScheduledThreadPoolExecutor$ScheduledFutureTask.access$201(ScheduledThreadPoolExecutor.java:180)
	at java.util.concurrent.ScheduledThreadPoolExecutor$ScheduledFutureTask.run(ScheduledThreadPoolExecutor.java:293)
	at java.util.concurrent.ThreadPoolExecutor.runWorker(ThreadPoolExecutor.java:1142)
	at java.util.concurrent.ThreadPoolExecutor$Worker.run(ThreadPoolExecutor.java:617)
	at java.lang.Thread.run(Thread.java:745)
2017-05-08 15:59:53,536 ERROR (CrawlingService RUNNING) [Tree(getLeaves:11)] Error
java.net.NoRouteToHostException
	at com.amerino.game.map.Tree.getLeaves(Tree.java:11)
	at com.amerino.CrawlingService.runOneIteration(CrawlingService.java:18)
	at com.google.common.util.concurrent.AbstractScheduledService$ServiceDelegate$Task.run(AbstractScheduledService.java:189)
	at com.google.common.util.concurrent.AbstractScheduledService$CustomScheduler$ReschedulableCallable.call(AbstractScheduledService.java:461)
	at com.google.common.util.concurrent.AbstractScheduledService$CustomScheduler$ReschedulableCallable.call(AbstractScheduledService.java:427)
	at com.google.common.util.concurrent.Callables$2.call(Callables.java:71)
	at java.util.concurrent.FutureTask.run(FutureTask.java:266)
	at java.util.concurrent.ScheduledThreadPoolExecutor$ScheduledFutureTask.access$201(ScheduledThreadPoolExecutor.java:180)
	at java.util.concurrent.ScheduledThreadPoolExecutor$ScheduledFutureTask.run(ScheduledThreadPoolExecutor.java:293)
	at java.util.concurrent.ThreadPoolExecutor.runWorker(ThreadPoolExecutor.java:1142)
	at java.util.concurrent.ThreadPoolExecutor$Worker.run(ThreadPoolExecutor.java:617)
	at java.lang.Thread.run(Thread.java:745)
2017-05-08 15:59:53,552 ERROR (CrawlingService RUNNING) [Rock(getSize:9)] Error
java.lang.ClassNotFoundException
	at com.amerino.game.map.Rock.getSize(Rock.java:9)
	at com.amerino.CrawlingService.runOneIteration(CrawlingService.java:20)
	at com.google.common.util.concurrent.AbstractScheduledService$ServiceDelegate$Task.run(AbstractScheduledService.java:189)
	at com.google.common.util.concurrent.AbstractScheduledService$CustomScheduler$ReschedulableCallable.call(AbstractScheduledService.java:461)
	at com.google.common.util.concurrent.AbstractScheduledService$CustomScheduler$ReschedulableCallable.call(AbstractScheduledService.java:427)
	at com.google.common.util.concurrent.Callables$2.call(Callables.java:71)
	at java.util.concurrent.FutureTask.run(FutureTask.java:266)
	at java.util.concurrent.ScheduledThreadPoolExecutor$ScheduledFutureTask.access$201(ScheduledThreadPoolExecutor.java:180)
	at java.util.concurrent.ScheduledThreadPoolExecutor$ScheduledFutureTask.run(ScheduledThreadPoolExecutor.java:293)
	at java.util.concurrent.ThreadPoolExecutor.runWorker(ThreadPoolExecutor.java:1142)
	at java.util.concurrent.ThreadPoolExecutor$Worker.run(ThreadPoolExecutor.java:617)
	at java.lang.Thread.run(Thread.java:745)
